<?xml version="1.0" encoding="UTF-8"?>
<testsuite name="AmazonTestChrome" tests="1" skipped="0" failures="0" errors="0" timestamp="2019-09-15T11:38:31" hostname="User-PC" time="51.715">
  <properties/>
  <testcase name="testAmazonSearch" classname="AmazonTestChrome" time="51.715"/>
  <system-out><![CDATA[Found following amount of goods: 19
----------------------------------------
We found on the website: Nikon D4S
Product topic contains text: Nikon D3X?
false
----------------------------------------
|                                      |
|             END OF TEST              |
|                 ***                  |
|     prepared by: Artem Goncharov     |
|     performed: 13.09-15.09.2019      |
|     email: ag.developer@mail.ru      |
|     telephone: +7 977 724-51-25      |
|                                      |
----------------------------------------
]]></system-out>
  <system-err><![CDATA[Starting ChromeDriver 77.0.3865.40 (f484704e052e0b556f8030b65b953dce96503217-refs/branch-heads/3865@{#442}) on port 25524
Only local connections are allowed.
Please protect ports used by ChromeDriver and related test frameworks to prevent access by malicious code.
сен 15, 2019 2:38:35 PM org.openqa.selenium.remote.ProtocolHandshake createSession
INFO: Detected dialect: W3C
]]></system-err>
</testsuite>
