<?xml version="1.0" encoding="UTF-8"?>
<testsuite name="AmazonTestChrome" tests="1" skipped="0" failures="0" errors="0" timestamp="2019-09-14T21:12:13" hostname="User-PC" time="36.784">
  <properties/>
  <testcase name="testAmazonSearch" classname="AmazonTestChrome" time="36.784"/>
  <system-out><![CDATA[]]></system-out>
  <system-err><![CDATA[Starting ChromeDriver 77.0.3865.40 (f484704e052e0b556f8030b65b953dce96503217-refs/branch-heads/3865@{#442}) on port 1908
Only local connections are allowed.
Please protect ports used by ChromeDriver and related test frameworks to prevent access by malicious code.
сен 15, 2019 12:12:15 AM org.openqa.selenium.remote.ProtocolHandshake createSession
INFO: Detected dialect: W3C
]]></system-err>
</testsuite>
